#
# A fatal error has been detected by the Java Runtime Environment:
#
#  Internal Error (classFileParser.cpp:3494), pid=3781, tid=3077602160
#  Error: ShouldNotReachHere()
#
# JRE version: 6.0_23-b23
# Java VM: OpenJDK Server VM (20.0-b11 mixed mode linux-x86 )
# Derivative: IcedTea6 1.11pre
# Distribution: Ubuntu 11.10, package 6b23~pre11-0ubuntu1.11.10.2
# If you would like to submit a bug report, please include
# instructions how to reproduce the bug and visit:
#   https://bugs.launchpad.net/ubuntu/+source/openjdk-6/
#

---------------  T H R E A D  ---------------

Current thread (0x083f6400):  JavaThread "Unknown thread" [_thread_in_vm, id=3786, stack(0xb76b7000,0xb7708000)]

Stack: [0xb76b7000,0xb7708000]
[error occurred during error reporting (printing stack bounds), id 0xb]


[error occurred during error reporting (printing native stack), id 0xb]


---------------  P R O C E S S  ---------------

Java Threads: ( => current thread )

Other Threads:

=>0x083f6400 (exited) JavaThread "Unknown thread" [_thread_in_vm, id=3786, stack(0xb76b7000,0xb7708000)]

VM state:not at safepoint (not fully initialized)

VM Mutex/Monitor currently owned by a thread: None

Dynamic libraries:
00110000-0012c000 r-xp 00000000 08:07 131771     /lib/i386-linux-gnu/libgcc_s.so.1
0012c000-0012d000 r--p 0001b000 08:07 131771     /lib/i386-linux-gnu/libgcc_s.so.1
0012d000-0012e000 rw-p 0001c000 08:07 131771     /lib/i386-linux-gnu/libgcc_s.so.1
0012e000-00136000 r-xp 00000000 08:07 165671     /lib/i386-linux-gnu/libnss_compat-2.13.so
00136000-00137000 r--p 00007000 08:07 165671     /lib/i386-linux-gnu/libnss_compat-2.13.so
00137000-00138000 rw-p 00008000 08:07 165671     /lib/i386-linux-gnu/libnss_compat-2.13.so
0013a000-00158000 r-xp 00000000 08:07 135544     /lib/i386-linux-gnu/ld-2.13.so
00158000-00159000 r--p 0001d000 08:07 135544     /lib/i386-linux-gnu/ld-2.13.so
00159000-0015a000 rw-p 0001e000 08:07 135544     /lib/i386-linux-gnu/ld-2.13.so
001bb000-001c6000 r-xp 00000000 08:07 40038      /usr/lib/jvm/java-6-openjdk/jre/lib/i386/libverify.so
001c6000-001c7000 ---p 0000b000 08:07 40038      /usr/lib/jvm/java-6-openjdk/jre/lib/i386/libverify.so
001c7000-001c8000 r--p 0000b000 08:07 40038      /usr/lib/jvm/java-6-openjdk/jre/lib/i386/libverify.so
001c8000-001c9000 rw-p 0000c000 08:07 40038      /usr/lib/jvm/java-6-openjdk/jre/lib/i386/libverify.so
0021c000-002fa000 r-xp 00000000 08:07 1444476    /usr/lib/i386-linux-gnu/libstdc++.so.6.0.16
002fa000-002fb000 ---p 000de000 08:07 1444476    /usr/lib/i386-linux-gnu/libstdc++.so.6.0.16
002fb000-002ff000 r--p 000de000 08:07 1444476    /usr/lib/i386-linux-gnu/libstdc++.so.6.0.16
002ff000-00300000 rw-p 000e2000 08:07 1444476    /usr/lib/i386-linux-gnu/libstdc++.so.6.0.16
00300000-00307000 rw-p 00000000 00:00 0 
00323000-00326000 r-xp 00000000 08:07 165667     /lib/i386-linux-gnu/libdl-2.13.so
00326000-00327000 r--p 00002000 08:07 165667     /lib/i386-linux-gnu/libdl-2.13.so
00327000-00328000 rw-p 00003000 08:07 165667     /lib/i386-linux-gnu/libdl-2.13.so
00448000-0046e000 r-xp 00000000 08:07 5817       /usr/lib/jvm/java-6-openjdk/jre/lib/i386/libjava.so
0046e000-0046f000 r--p 00025000 08:07 5817       /usr/lib/jvm/java-6-openjdk/jre/lib/i386/libjava.so
0046f000-00471000 rw-p 00026000 08:07 5817       /usr/lib/jvm/java-6-openjdk/jre/lib/i386/libjava.so
0053a000-00541000 r-xp 00000000 08:07 165680     /lib/i386-linux-gnu/librt-2.13.so
00541000-00542000 r--p 00006000 08:07 165680     /lib/i386-linux-gnu/librt-2.13.so
00542000-00543000 rw-p 00007000 08:07 165680     /lib/i386-linux-gnu/librt-2.13.so
00646000-00651000 r-xp 00000000 08:07 165673     /lib/i386-linux-gnu/libnss_files-2.13.so
00651000-00652000 r--p 0000a000 08:07 165673     /lib/i386-linux-gnu/libnss_files-2.13.so
00652000-00653000 rw-p 0000b000 08:07 165673     /lib/i386-linux-gnu/libnss_files-2.13.so
006a7000-006ab000 r-xp 00000000 08:07 5805       /usr/lib/jvm/java-6-openjdk/jre/lib/i386/jli/libjli.so
006ab000-006ac000 r--p 00003000 08:07 5805       /usr/lib/jvm/java-6-openjdk/jre/lib/i386/jli/libjli.so
006ac000-006ad000 rw-p 00004000 08:07 5805       /usr/lib/jvm/java-6-openjdk/jre/lib/i386/jli/libjli.so
006c9000-006ca000 r-xp 00000000 00:00 0          [vdso]
00862000-0088a000 r-xp 00000000 08:07 165668     /lib/i386-linux-gnu/libm-2.13.so
0088a000-0088b000 r--p 00028000 08:07 165668     /lib/i386-linux-gnu/libm-2.13.so
0088b000-0088c000 rw-p 00029000 08:07 165668     /lib/i386-linux-gnu/libm-2.13.so
008aa000-008bf000 r-xp 00000000 08:07 165670     /lib/i386-linux-gnu/libnsl-2.13.so
008bf000-008c0000 r--p 00015000 08:07 165670     /lib/i386-linux-gnu/libnsl-2.13.so
008c0000-008c1000 rw-p 00016000 08:07 165670     /lib/i386-linux-gnu/libnsl-2.13.so
008c1000-008c3000 rw-p 00000000 00:00 0 
00a4d000-00a64000 r-xp 00000000 08:07 165678     /lib/i386-linux-gnu/libpthread-2.13.so
00a64000-00a65000 r--p 00016000 08:07 165678     /lib/i386-linux-gnu/libpthread-2.13.so
00a65000-00a66000 rw-p 00017000 08:07 165678     /lib/i386-linux-gnu/libpthread-2.13.so
00a66000-00a68000 rw-p 00000000 00:00 0 
00bbf000-00d37000 r-xp 00000000 08:07 165664     /lib/i386-linux-gnu/libc-2.13.so
00d37000-00d39000 r--p 00178000 08:07 165664     /lib/i386-linux-gnu/libc-2.13.so
00d39000-00d3a000 rw-p 0017a000 08:07 165664     /lib/i386-linux-gnu/libc-2.13.so
00d3a000-00d3d000 rw-p 00000000 00:00 0 
00ddc000-00de6000 r-xp 00000000 08:07 165675     /lib/i386-linux-gnu/libnss_nis-2.13.so
00de6000-00de7000 r--p 00009000 08:07 165675     /lib/i386-linux-gnu/libnss_nis-2.13.so
00de7000-00de8000 rw-p 0000a000 08:07 165675     /lib/i386-linux-gnu/libnss_nis-2.13.so
00ee7000-00eee000 r-xp 00000000 08:07 40039      /usr/lib/jvm/java-6-openjdk/jre/lib/i386/libzip.so
00eee000-00eef000 r--p 00006000 08:07 40039      /usr/lib/jvm/java-6-openjdk/jre/lib/i386/libzip.so
00eef000-00ef0000 rw-p 00007000 08:07 40039      /usr/lib/jvm/java-6-openjdk/jre/lib/i386/libzip.so
00f95000-00fa8000 r-xp 00000000 08:07 131833     /lib/i386-linux-gnu/libz.so.1.2.3.4
00fa8000-00fa9000 r--p 00012000 08:07 131833     /lib/i386-linux-gnu/libz.so.1.2.3.4
00fa9000-00faa000 rw-p 00013000 08:07 131833     /lib/i386-linux-gnu/libz.so.1.2.3.4
00faa000-017c8000 r-xp 00000000 08:07 40041      /usr/lib/jvm/java-6-openjdk/jre/lib/i386/server/libjvm.so
017c8000-0180d000 r--p 0081e000 08:07 40041      /usr/lib/jvm/java-6-openjdk/jre/lib/i386/server/libjvm.so
0180d000-0181c000 rw-p 00863000 08:07 40041      /usr/lib/jvm/java-6-openjdk/jre/lib/i386/server/libjvm.so
0181c000-01c36000 rw-p 00000000 00:00 0 
08048000-08051000 r-xp 00000000 08:07 40062      /usr/lib/jvm/java-6-openjdk/jre/bin/java
08051000-08052000 r--p 00008000 08:07 40062      /usr/lib/jvm/java-6-openjdk/jre/bin/java
08052000-08053000 rw-p 00009000 08:07 40062      /usr/lib/jvm/java-6-openjdk/jre/bin/java
083ef000-08462000 rw-p 00000000 00:00 0          [heap]
7de46000-7df04000 r--s 00fac000 08:07 43683      /home/abhinav/android-sdk-linux_x86/platforms/android-15/android.jar
7df04000-7df05000 ---p 00000000 00:00 0 
7df05000-7df85000 rw-p 00000000 00:00 0 
7df85000-7df86000 ---p 00000000 00:00 0 
7df86000-7e006000 rw-p 00000000 00:00 0 
7e006000-7e007000 ---p 00000000 00:00 0 
7e007000-7e087000 rw-p 00000000 00:00 0 
7e087000-7e088000 ---p 00000000 00:00 0 
7e088000-7e110000 rw-p 00000000 00:00 0 
7e110000-7e148000 rw-p 00000000 00:00 0 
7e148000-7e158000 rw-p 00000000 00:00 0 
7e158000-7e23e000 rw-p 00000000 00:00 0 
7e23e000-7e246000 rw-p 00000000 00:00 0 
7e246000-7e27e000 rw-p 00000000 00:00 0 
7e27e000-7e28e000 rw-p 00000000 00:00 0 
7e28e000-7e374000 rw-p 00000000 00:00 0 
7e374000-7e37c000 rw-p 00000000 00:00 0 
7e37c000-7e3ef000 rw-p 00000000 00:00 0 
7e3ef000-7f3f0000 rw-p 00000000 00:00 0 
7f3f0000-863f0000 rw-p 00000000 00:00 0 
863f0000-882b0000 rw-p 00000000 00:00 0 
882b0000-a4ff0000 rw-p 00000000 00:00 0 
a4ff0000-a5f50000 rw-p 00000000 00:00 0 
a5f50000-b45f0000 rw-p 00000000 00:00 0 
b45f7000-b4600000 rw-p 00000000 00:00 0 
b4600000-b46b7000 rw-p 00000000 00:00 0 
b46b7000-b48f7000 rwxp 00000000 00:00 0 
b48f7000-b76b7000 rw-p 00000000 00:00 0 
b76b7000-b76ba000 ---p 00000000 00:00 0 
b76ba000-b770b000 rw-p 00000000 00:00 0 
b771c000-b7724000 rw-s 00000000 08:07 137216     /tmp/hsperfdata_abhinav/3781
b7724000-b7725000 rw-p 00000000 00:00 0 
b7725000-b7726000 r--p 00000000 00:00 0 
b7726000-b7728000 rw-p 00000000 00:00 0 
bf81f000-bf840000 rw-p 00000000 00:00 0          [stack]

VM Arguments:
jvm_args: -Dfile.encoding=UTF-8 -Xbootclasspath:/home/abhinav/android-sdk-linux_x86/platforms/android-15/android.jar 
java_command: dalvik.system.TouchDex
Launcher Type: SUN_STANDARD

Environment Variables:
PATH=/usr/lib/lightdm/lightdm:/usr/local/sbin:/usr/local/bin:/usr/sbin:/usr/bin:/sbin:/bin:/usr/games
USERNAME=abhinav
LD_LIBRARY_PATH=/usr/lib/jvm/java-6-openjdk/jre/lib/i386/server:/usr/lib/jvm/java-6-openjdk/jre/lib/i386:/usr/lib/jvm/java-6-openjdk/jre/../lib/i386:/usr/lib/jvm/java-6-openjdk/jre/lib/i386/client:/usr/lib/jvm/java-6-openjdk/jre/lib/i386:
SHELL=/bin/bash
DISPLAY=:0

Signal Handlers:
SIGSEGV: [libjvm.so+0x66a530], sa_mask[0]=0x7ffbfeff, sa_flags=0x10000004
SIGBUS: [libjvm.so+0x66a530], sa_mask[0]=0x7ffbfeff, sa_flags=0x10000004
SIGFPE: [libjvm.so+0x52e2c0], sa_mask[0]=0x7ffbfeff, sa_flags=0x10000004
SIGPIPE: [libjvm.so+0x52e2c0], sa_mask[0]=0x7ffbfeff, sa_flags=0x10000004
SIGXFSZ: [libjvm.so+0x52e2c0], sa_mask[0]=0x7ffbfeff, sa_flags=0x10000004
SIGILL: [libjvm.so+0x52e2c0], sa_mask[0]=0x7ffbfeff, sa_flags=0x10000004
SIGUSR1: SIG_DFL, sa_mask[0]=0x00000000, sa_flags=0x00000000
SIGUSR2: [libjvm.so+0x52e150], sa_mask[0]=0x00000004, sa_flags=0x10000004
SIGHUP: SIG_DFL, sa_mask[0]=0x00000000, sa_flags=0x00000000
SIGINT: SIG_DFL, sa_mask[0]=0x00000000, sa_flags=0x00000000
SIGTERM: SIG_DFL, sa_mask[0]=0x00000000, sa_flags=0x00000000
SIGQUIT: SIG_DFL, sa_mask[0]=0x00000000, sa_flags=0x00000000


---------------  S Y S T E M  ---------------

OS:Ubuntu 11.10 (oneiric)
uname:Linux 3.0.0-19-generic #33-Ubuntu SMP Thu Apr 19 19:05:57 UTC 2012 i686
libc:glibc 2.13 NPTL 2.13 
rlimit: STACK 8192k, CORE 0k, NPROC 23503, NOFILE 4096, AS infinity
load average:0.13 0.12 0.12

/proc/meminfo:
MemTotal:        3022444 kB
MemFree:          555108 kB
Buffers:          155112 kB
Cached:           973756 kB
SwapCached:            0 kB
Active:          1568548 kB
Inactive:         783892 kB
Active(anon):    1273024 kB
Inactive(anon):   130156 kB
Active(file):     295524 kB
Inactive(file):   653736 kB
Unevictable:          36 kB
Mlocked:              36 kB
HighTotal:       2159540 kB
HighFree:          30336 kB
LowTotal:         862904 kB
LowFree:          524772 kB
SwapTotal:       3984380 kB
SwapFree:        3984380 kB
Dirty:                28 kB
Writeback:             0 kB
AnonPages:       1223564 kB
Mapped:           154796 kB
Shmem:            179612 kB
Slab:              65896 kB
SReclaimable:      48292 kB
SUnreclaim:        17604 kB
KernelStack:        3824 kB
PageTables:        13220 kB
NFS_Unstable:          0 kB
Bounce:                0 kB
WritebackTmp:          0 kB
CommitLimit:     5495600 kB
Committed_AS:    4033508 kB
VmallocTotal:     122880 kB
VmallocUsed:       33956 kB
VmallocChunk:      80596 kB
HardwareCorrupted:     0 kB
AnonHugePages:         0 kB
HugePages_Total:       0
HugePages_Free:        0
HugePages_Rsvd:        0
HugePages_Surp:        0
Hugepagesize:       4096 kB
DirectMap4k:       16376 kB
DirectMap4M:      892928 kB


CPU:total 4 (2 cores per cpu, 2 threads per core) family 6 model 37 stepping 5, cmov, cx8, fxsr, mmx, sse, sse2, sse3, ssse3, sse4.1, sse4.2, popcnt, ht

Memory: 4k page, physical 3022444k(555108k free), swap 3984380k(3984380k free)

vm_info: OpenJDK Server VM (20.0-b11) for linux-x86 JRE (1.6.0_23-b23), built on Feb 23 2012 06:26:43 by "buildd" with gcc 4.6.1

time: Sat May 12 19:32:35 2012
elapsed time: 0 seconds

