#
# A fatal error has been detected by the Java Runtime Environment:
#
#  Internal Error (classFileParser.cpp:3494), pid=3743, tid=3078105968
#  Error: ShouldNotReachHere()
#
# JRE version: 6.0_23-b23
# Java VM: OpenJDK Server VM (20.0-b11 mixed mode linux-x86 )
# Derivative: IcedTea6 1.11pre
# Distribution: Ubuntu 11.10, package 6b23~pre11-0ubuntu1.11.10.2
# If you would like to submit a bug report, please include
# instructions how to reproduce the bug and visit:
#   https://bugs.launchpad.net/ubuntu/+source/openjdk-6/
#

---------------  T H R E A D  ---------------

Current thread (0x09848400):  JavaThread "Unknown thread" [_thread_in_vm, id=3744, stack(0xb7732000,0xb7783000)]

Stack: [0xb7732000,0xb7783000]
[error occurred during error reporting (printing stack bounds), id 0xb]


[error occurred during error reporting (printing native stack), id 0xb]


---------------  P R O C E S S  ---------------

Java Threads: ( => current thread )

Other Threads:

=>0x09848400 (exited) JavaThread "Unknown thread" [_thread_in_vm, id=3744, stack(0xb7732000,0xb7783000)]

VM state:not at safepoint (not fully initialized)

VM Mutex/Monitor currently owned by a thread: None

Dynamic libraries:
00110000-00117000 r-xp 00000000 08:07 165680     /lib/i386-linux-gnu/librt-2.13.so
00117000-00118000 r--p 00006000 08:07 165680     /lib/i386-linux-gnu/librt-2.13.so
00118000-00119000 rw-p 00007000 08:07 165680     /lib/i386-linux-gnu/librt-2.13.so
00119000-0012e000 r-xp 00000000 08:07 165670     /lib/i386-linux-gnu/libnsl-2.13.so
0012e000-0012f000 r--p 00015000 08:07 165670     /lib/i386-linux-gnu/libnsl-2.13.so
0012f000-00130000 rw-p 00016000 08:07 165670     /lib/i386-linux-gnu/libnsl-2.13.so
00130000-00132000 rw-p 00000000 00:00 0 
00132000-0013c000 r-xp 00000000 08:07 165675     /lib/i386-linux-gnu/libnss_nis-2.13.so
0013c000-0013d000 r--p 00009000 08:07 165675     /lib/i386-linux-gnu/libnss_nis-2.13.so
0013d000-0013e000 rw-p 0000a000 08:07 165675     /lib/i386-linux-gnu/libnss_nis-2.13.so
00143000-00156000 r-xp 00000000 08:07 131833     /lib/i386-linux-gnu/libz.so.1.2.3.4
00156000-00157000 r--p 00012000 08:07 131833     /lib/i386-linux-gnu/libz.so.1.2.3.4
00157000-00158000 rw-p 00013000 08:07 131833     /lib/i386-linux-gnu/libz.so.1.2.3.4
0015b000-00181000 r-xp 00000000 08:07 5817       /usr/lib/jvm/java-6-openjdk/jre/lib/i386/libjava.so
00181000-00182000 r--p 00025000 08:07 5817       /usr/lib/jvm/java-6-openjdk/jre/lib/i386/libjava.so
00182000-00184000 rw-p 00026000 08:07 5817       /usr/lib/jvm/java-6-openjdk/jre/lib/i386/libjava.so
00184000-0018f000 r-xp 00000000 08:07 165673     /lib/i386-linux-gnu/libnss_files-2.13.so
0018f000-00190000 r--p 0000a000 08:07 165673     /lib/i386-linux-gnu/libnss_files-2.13.so
00190000-00191000 rw-p 0000b000 08:07 165673     /lib/i386-linux-gnu/libnss_files-2.13.so
002df000-003bd000 r-xp 00000000 08:07 1444476    /usr/lib/i386-linux-gnu/libstdc++.so.6.0.16
003bd000-003be000 ---p 000de000 08:07 1444476    /usr/lib/i386-linux-gnu/libstdc++.so.6.0.16
003be000-003c2000 r--p 000de000 08:07 1444476    /usr/lib/i386-linux-gnu/libstdc++.so.6.0.16
003c2000-003c3000 rw-p 000e2000 08:07 1444476    /usr/lib/i386-linux-gnu/libstdc++.so.6.0.16
003c3000-003ca000 rw-p 00000000 00:00 0 
00537000-0054e000 r-xp 00000000 08:07 165678     /lib/i386-linux-gnu/libpthread-2.13.so
0054e000-0054f000 r--p 00016000 08:07 165678     /lib/i386-linux-gnu/libpthread-2.13.so
0054f000-00550000 rw-p 00017000 08:07 165678     /lib/i386-linux-gnu/libpthread-2.13.so
00550000-00552000 rw-p 00000000 00:00 0 
00581000-0058c000 r-xp 00000000 08:07 40038      /usr/lib/jvm/java-6-openjdk/jre/lib/i386/libverify.so
0058c000-0058d000 ---p 0000b000 08:07 40038      /usr/lib/jvm/java-6-openjdk/jre/lib/i386/libverify.so
0058d000-0058e000 r--p 0000b000 08:07 40038      /usr/lib/jvm/java-6-openjdk/jre/lib/i386/libverify.so
0058e000-0058f000 rw-p 0000c000 08:07 40038      /usr/lib/jvm/java-6-openjdk/jre/lib/i386/libverify.so
0079e000-0079f000 r-xp 00000000 00:00 0          [vdso]
00820000-00823000 r-xp 00000000 08:07 165667     /lib/i386-linux-gnu/libdl-2.13.so
00823000-00824000 r--p 00002000 08:07 165667     /lib/i386-linux-gnu/libdl-2.13.so
00824000-00825000 rw-p 00003000 08:07 165667     /lib/i386-linux-gnu/libdl-2.13.so
008ce000-008f6000 r-xp 00000000 08:07 165668     /lib/i386-linux-gnu/libm-2.13.so
008f6000-008f7000 r--p 00028000 08:07 165668     /lib/i386-linux-gnu/libm-2.13.so
008f7000-008f8000 rw-p 00029000 08:07 165668     /lib/i386-linux-gnu/libm-2.13.so
00b59000-00cd1000 r-xp 00000000 08:07 165664     /lib/i386-linux-gnu/libc-2.13.so
00cd1000-00cd3000 r--p 00178000 08:07 165664     /lib/i386-linux-gnu/libc-2.13.so
00cd3000-00cd4000 rw-p 0017a000 08:07 165664     /lib/i386-linux-gnu/libc-2.13.so
00cd4000-00cd7000 rw-p 00000000 00:00 0 
00d09000-00d10000 r-xp 00000000 08:07 40039      /usr/lib/jvm/java-6-openjdk/jre/lib/i386/libzip.so
00d10000-00d11000 r--p 00006000 08:07 40039      /usr/lib/jvm/java-6-openjdk/jre/lib/i386/libzip.so
00d11000-00d12000 rw-p 00007000 08:07 40039      /usr/lib/jvm/java-6-openjdk/jre/lib/i386/libzip.so
00d90000-00d98000 r-xp 00000000 08:07 165671     /lib/i386-linux-gnu/libnss_compat-2.13.so
00d98000-00d99000 r--p 00007000 08:07 165671     /lib/i386-linux-gnu/libnss_compat-2.13.so
00d99000-00d9a000 rw-p 00008000 08:07 165671     /lib/i386-linux-gnu/libnss_compat-2.13.so
00e8c000-00e90000 r-xp 00000000 08:07 5805       /usr/lib/jvm/java-6-openjdk/jre/lib/i386/jli/libjli.so
00e90000-00e91000 r--p 00003000 08:07 5805       /usr/lib/jvm/java-6-openjdk/jre/lib/i386/jli/libjli.so
00e91000-00e92000 rw-p 00004000 08:07 5805       /usr/lib/jvm/java-6-openjdk/jre/lib/i386/jli/libjli.so
00ebe000-00eda000 r-xp 00000000 08:07 131771     /lib/i386-linux-gnu/libgcc_s.so.1
00eda000-00edb000 r--p 0001b000 08:07 131771     /lib/i386-linux-gnu/libgcc_s.so.1
00edb000-00edc000 rw-p 0001c000 08:07 131771     /lib/i386-linux-gnu/libgcc_s.so.1
00efa000-00f18000 r-xp 00000000 08:07 135544     /lib/i386-linux-gnu/ld-2.13.so
00f18000-00f19000 r--p 0001d000 08:07 135544     /lib/i386-linux-gnu/ld-2.13.so
00f19000-00f1a000 rw-p 0001e000 08:07 135544     /lib/i386-linux-gnu/ld-2.13.so
00f1a000-01738000 r-xp 00000000 08:07 40041      /usr/lib/jvm/java-6-openjdk/jre/lib/i386/server/libjvm.so
01738000-0177d000 r--p 0081e000 08:07 40041      /usr/lib/jvm/java-6-openjdk/jre/lib/i386/server/libjvm.so
0177d000-0178c000 rw-p 00863000 08:07 40041      /usr/lib/jvm/java-6-openjdk/jre/lib/i386/server/libjvm.so
0178c000-01ba6000 rw-p 00000000 00:00 0 
08048000-08051000 r-xp 00000000 08:07 40062      /usr/lib/jvm/java-6-openjdk/jre/bin/java
08051000-08052000 r--p 00008000 08:07 40062      /usr/lib/jvm/java-6-openjdk/jre/bin/java
08052000-08053000 rw-p 00009000 08:07 40062      /usr/lib/jvm/java-6-openjdk/jre/bin/java
09841000-098b4000 rw-p 00000000 00:00 0          [heap]
7dec6000-7df84000 r--s 00fac000 08:07 43683      /home/abhinav/android-sdk-linux_x86/platforms/android-15/android.jar
7df84000-7df85000 ---p 00000000 00:00 0 
7df85000-7e005000 rw-p 00000000 00:00 0 
7e005000-7e006000 ---p 00000000 00:00 0 
7e006000-7e086000 rw-p 00000000 00:00 0 
7e086000-7e087000 ---p 00000000 00:00 0 
7e087000-7e107000 rw-p 00000000 00:00 0 
7e107000-7e108000 ---p 00000000 00:00 0 
7e108000-7e190000 rw-p 00000000 00:00 0 
7e190000-7e1c8000 rw-p 00000000 00:00 0 
7e1c8000-7e1d8000 rw-p 00000000 00:00 0 
7e1d8000-7e2be000 rw-p 00000000 00:00 0 
7e2be000-7e2c6000 rw-p 00000000 00:00 0 
7e2c6000-7e2fe000 rw-p 00000000 00:00 0 
7e2fe000-7e30e000 rw-p 00000000 00:00 0 
7e30e000-7e3f4000 rw-p 00000000 00:00 0 
7e3f4000-7e3fc000 rw-p 00000000 00:00 0 
7e3fc000-7e46f000 rw-p 00000000 00:00 0 
7e46f000-7f470000 rw-p 00000000 00:00 0 
7f470000-86470000 rw-p 00000000 00:00 0 
86470000-88330000 rw-p 00000000 00:00 0 
88330000-a5070000 rw-p 00000000 00:00 0 
a5070000-a5fd0000 rw-p 00000000 00:00 0 
a5fd0000-b4670000 rw-p 00000000 00:00 0 
b4672000-b467b000 rw-p 00000000 00:00 0 
b467b000-b4732000 rw-p 00000000 00:00 0 
b4732000-b4972000 rwxp 00000000 00:00 0 
b4972000-b7732000 rw-p 00000000 00:00 0 
b7732000-b7735000 ---p 00000000 00:00 0 
b7735000-b7786000 rw-p 00000000 00:00 0 
b7797000-b779f000 rw-s 00000000 08:07 137216     /tmp/hsperfdata_abhinav/3743
b779f000-b77a0000 rw-p 00000000 00:00 0 
b77a0000-b77a1000 r--p 00000000 00:00 0 
b77a1000-b77a3000 rw-p 00000000 00:00 0 
bfa1e000-bfa3f000 rw-p 00000000 00:00 0          [stack]

VM Arguments:
jvm_args: -Dfile.encoding=UTF-8 -Xbootclasspath:/home/abhinav/android-sdk-linux_x86/platforms/android-15/android.jar 
java_command: dalvik.system.TouchDex
Launcher Type: SUN_STANDARD

Environment Variables:
PATH=/usr/lib/lightdm/lightdm:/usr/local/sbin:/usr/local/bin:/usr/sbin:/usr/bin:/sbin:/bin:/usr/games
USERNAME=abhinav
LD_LIBRARY_PATH=/usr/lib/jvm/java-6-openjdk/jre/lib/i386/server:/usr/lib/jvm/java-6-openjdk/jre/lib/i386:/usr/lib/jvm/java-6-openjdk/jre/../lib/i386:/usr/lib/jvm/java-6-openjdk/jre/lib/i386/client:/usr/lib/jvm/java-6-openjdk/jre/lib/i386:
SHELL=/bin/bash
DISPLAY=:0

Signal Handlers:
SIGSEGV: [libjvm.so+0x66a530], sa_mask[0]=0x7ffbfeff, sa_flags=0x10000004
SIGBUS: [libjvm.so+0x66a530], sa_mask[0]=0x7ffbfeff, sa_flags=0x10000004
SIGFPE: [libjvm.so+0x52e2c0], sa_mask[0]=0x7ffbfeff, sa_flags=0x10000004
SIGPIPE: [libjvm.so+0x52e2c0], sa_mask[0]=0x7ffbfeff, sa_flags=0x10000004
SIGXFSZ: [libjvm.so+0x52e2c0], sa_mask[0]=0x7ffbfeff, sa_flags=0x10000004
SIGILL: [libjvm.so+0x52e2c0], sa_mask[0]=0x7ffbfeff, sa_flags=0x10000004
SIGUSR1: SIG_DFL, sa_mask[0]=0x00000000, sa_flags=0x00000000
SIGUSR2: [libjvm.so+0x52e150], sa_mask[0]=0x00000004, sa_flags=0x10000004
SIGHUP: SIG_DFL, sa_mask[0]=0x00000000, sa_flags=0x00000000
SIGINT: SIG_DFL, sa_mask[0]=0x00000000, sa_flags=0x00000000
SIGTERM: SIG_DFL, sa_mask[0]=0x00000000, sa_flags=0x00000000
SIGQUIT: SIG_DFL, sa_mask[0]=0x00000000, sa_flags=0x00000000


---------------  S Y S T E M  ---------------

OS:Ubuntu 11.10 (oneiric)
uname:Linux 3.0.0-19-generic #33-Ubuntu SMP Thu Apr 19 19:05:57 UTC 2012 i686
libc:glibc 2.13 NPTL 2.13 
rlimit: STACK 8192k, CORE 0k, NPROC 23503, NOFILE 4096, AS infinity
load average:0.19 0.11 0.11

/proc/meminfo:
MemTotal:        3022444 kB
MemFree:          535772 kB
Buffers:          154716 kB
Cached:           981672 kB
SwapCached:            0 kB
Active:          1576776 kB
Inactive:         795148 kB
Active(anon):    1282392 kB
Inactive(anon):   143700 kB
Active(file):     294384 kB
Inactive(file):   651448 kB
Unevictable:          36 kB
Mlocked:              36 kB
HighTotal:       2159540 kB
HighFree:          26864 kB
LowTotal:         862904 kB
LowFree:          508908 kB
SwapTotal:       3984380 kB
SwapFree:        3984380 kB
Dirty:               192 kB
Writeback:             0 kB
AnonPages:       1235652 kB
Mapped:           153996 kB
Shmem:            190560 kB
Slab:              65828 kB
SReclaimable:      48256 kB
SUnreclaim:        17572 kB
KernelStack:        3776 kB
PageTables:        13316 kB
NFS_Unstable:          0 kB
Bounce:                0 kB
WritebackTmp:          0 kB
CommitLimit:     5495600 kB
Committed_AS:    4065896 kB
VmallocTotal:     122880 kB
VmallocUsed:       33956 kB
VmallocChunk:      80596 kB
HardwareCorrupted:     0 kB
AnonHugePages:         0 kB
HugePages_Total:       0
HugePages_Free:        0
HugePages_Rsvd:        0
HugePages_Surp:        0
Hugepagesize:       4096 kB
DirectMap4k:       16376 kB
DirectMap4M:      892928 kB


CPU:total 4 (2 cores per cpu, 2 threads per core) family 6 model 37 stepping 5, cmov, cx8, fxsr, mmx, sse, sse2, sse3, ssse3, sse4.1, sse4.2, popcnt, ht

Memory: 4k page, physical 3022444k(535772k free), swap 3984380k(3984380k free)

vm_info: OpenJDK Server VM (20.0-b11) for linux-x86 JRE (1.6.0_23-b23), built on Feb 23 2012 06:26:43 by "buildd" with gcc 4.6.1

time: Sat May 12 19:25:46 2012
elapsed time: 0 seconds

